# JRE version: OpenJDK Runtime Environment (24.0.1+9) (build 24.0.1+9-30)
# Java VM: OpenJDK 64-Bit Server VM (24.0.1+9-30, mixed mode, emulated-client, sharing, tiered, compressed oops, compressed class ptrs, g1 gc, windows-amd64)
GC Precious Log:
 CardTable entry size: 512
 Card Set container configuration: InlinePtr #cards 5 size 8 Array Of Cards #cards 10 size 36 Howl #buckets 4 coarsen threshold 1843 Howl Bitmap #cards 512 size 80 coarsen threshold 460 Card regions per heap region 1 cards per card region 2048
 CPUs: 12 total, 12 available
 Memory: 7501M
 Large Page Support: Disabled
 NUMA Support: Disabled
 Compressed Oops: Enabled (32-bit)
 Heap Region Size: 1M
 Heap Min Capacity: 8M
 Heap Initial Capacity: 118M
 Heap Max Capacity: 1876M
 Pre-touch: Disabled
 Parallel Workers: 10
 Concurrent Workers: 3
 Concurrent Refinement Workers: 10
 Periodic GC: Disabled
Heap:
 garbage-first heap   total reserved 1921024K, committed 70656K, used 42605K [0x000000008ac00000, 0x0000000100000000)
  region size 1024K, 8 young (8192K), 3 survivors (3072K)
 Metaspace       used 76562K, committed 77184K, reserved 1179648K
  class space    used 8936K, committed 9216K, reserved 1048576K
GC Heap History (20 events):
Event: 2.939 GC heap before
{Heap before GC invocations=4 (full 0):
 garbage-first heap   total reserved 1921024K, committed 58368K, used 41745K [0x000000008ac00000, 0x0000000100000000)
  region size 1024K, 26 young (26624K), 3 survivors (3072K)
 Metaspace       used 27399K, committed 27776K, reserved 1114112K
  class space    used 3013K, committed 3136K, reserved 1048576K
}
Event: 2.947 GC heap after
{Heap after GC invocations=5 (full 0):
 garbage-first heap   total reserved 1921024K, committed 58368K, used 20197K [0x000000008ac00000, 0x0000000100000000)
  region size 1024K, 2 young (2048K), 2 survivors (2048K)
 Metaspace       used 27399K, committed 27776K, reserved 1114112K
  class space    used 3013K, committed 3136K, reserved 1048576K
}
Event: 3.429 GC heap before
{Heap before GC invocations=5 (full 0):
 garbage-first heap   total reserved 1921024K, committed 58368K, used 44773K [0x000000008ac00000, 0x0000000100000000)
  region size 1024K, 26 young (26624K), 2 survivors (2048K)
 Metaspace       used 31463K, committed 31872K, reserved 1114112K
  class space    used 3496K, committed 3648K, reserved 1048576K
}
Event: 3.438 GC heap after
{Heap after GC invocations=6 (full 0):
 garbage-first heap   total reserved 1921024K, committed 58368K, used 22245K [0x000000008ac00000, 0x0000000100000000)
  region size 1024K, 4 young (4096K), 4 survivors (4096K)
 Metaspace       used 31463K, committed 31872K, reserved 1114112K
  class space    used 3496K, committed 3648K, reserved 1048576K
}
Event: 3.837 GC heap before
{Heap before GC invocations=6 (full 0):
 garbage-first heap   total reserved 1921024K, committed 58368K, used 39653K [0x000000008ac00000, 0x0000000100000000)
  region size 1024K, 22 young (22528K), 4 survivors (4096K)
 Metaspace       used 35512K, committed 35968K, reserved 1114112K
  class space    used 3920K, committed 4160K, reserved 1048576K
}
Event: 3.843 GC heap after
{Heap after GC invocations=7 (full 0):
 garbage-first heap   total reserved 1921024K, committed 70656K, used 24504K [0x000000008ac00000, 0x0000000100000000)
  region size 1024K, 3 young (3072K), 3 survivors (3072K)
 Metaspace       used 35512K, committed 35968K, reserved 1114112K
  class space    used 3920K, committed 4160K, reserved 1048576K
}
Event: 4.953 GC heap before
{Heap before GC invocations=8 (full 0):
 garbage-first heap   total reserved 1921024K, committed 70656K, used 54200K [0x000000008ac00000, 0x0000000100000000)
  region size 1024K, 33 young (33792K), 3 survivors (3072K)
 Metaspace       used 46273K, committed 46720K, reserved 1114112K
  class space    used 5048K, committed 5248K, reserved 1048576K
}
Event: 4.958 GC heap after
{Heap after GC invocations=9 (full 0):
 garbage-first heap   total reserved 1921024K, committed 70656K, used 26551K [0x000000008ac00000, 0x0000000100000000)
  region size 1024K, 5 young (5120K), 5 survivors (5120K)
 Metaspace       used 46273K, committed 46720K, reserved 1114112K
  class space    used 5048K, committed 5248K, reserved 1048576K
}
Event: 5.790 GC heap before
{Heap before GC invocations=9 (full 0):
 garbage-first heap   total reserved 1921024K, committed 70656K, used 56247K [0x000000008ac00000, 0x0000000100000000)
  region size 1024K, 35 young (35840K), 5 survivors (5120K)
 Metaspace       used 54953K, committed 55424K, reserved 1114112K
  class space    used 5907K, committed 6080K, reserved 1048576K
}
Event: 5.795 GC heap after
{Heap after GC invocations=10 (full 0):
 garbage-first heap   total reserved 1921024K, committed 70656K, used 28115K [0x000000008ac00000, 0x0000000100000000)
  region size 1024K, 5 young (5120K), 5 survivors (5120K)
 Metaspace       used 54953K, committed 55424K, reserved 1114112K
  class space    used 5907K, committed 6080K, reserved 1048576K
}
Event: 6.293 GC heap before
{Heap before GC invocations=10 (full 0):
 garbage-first heap   total reserved 1921024K, committed 70656K, used 48595K [0x000000008ac00000, 0x0000000100000000)
  region size 1024K, 26 young (26624K), 5 survivors (5120K)
 Metaspace       used 59742K, committed 60288K, reserved 1114112K
  class space    used 6553K, committed 6784K, reserved 1048576K
}
Event: 6.299 GC heap after
{Heap after GC invocations=11 (full 0):
 garbage-first heap   total reserved 1921024K, committed 70656K, used 29101K [0x000000008ac00000, 0x0000000100000000)
  region size 1024K, 4 young (4096K), 4 survivors (4096K)
 Metaspace       used 59742K, committed 60288K, reserved 1114112K
  class space    used 6553K, committed 6784K, reserved 1048576K
}
Event: 7.294 GC heap before
{Heap before GC invocations=12 (full 0):
 garbage-first heap   total reserved 1921024K, committed 70656K, used 59821K [0x000000008ac00000, 0x0000000100000000)
  region size 1024K, 34 young (34816K), 4 survivors (4096K)
 Metaspace       used 64828K, committed 65472K, reserved 1114112K
  class space    used 7217K, committed 7488K, reserved 1048576K
}
Event: 7.300 GC heap after
{Heap after GC invocations=13 (full 0):
 garbage-first heap   total reserved 1921024K, committed 70656K, used 31328K [0x000000008ac00000, 0x0000000100000000)
  region size 1024K, 4 young (4096K), 4 survivors (4096K)
 Metaspace       used 64828K, committed 65472K, reserved 1114112K
  class space    used 7217K, committed 7488K, reserved 1048576K
}
Event: 7.827 GC heap before
{Heap before GC invocations=13 (full 0):
 garbage-first heap   total reserved 1921024K, committed 70656K, used 60000K [0x000000008ac00000, 0x0000000100000000)
  region size 1024K, 33 young (33792K), 4 survivors (4096K)
 Metaspace       used 69610K, committed 70208K, reserved 1114112K
  class space    used 8053K, committed 8320K, reserved 1048576K
}
Event: 7.834 GC heap after
{Heap after GC invocations=14 (full 0):
 garbage-first heap   total reserved 1921024K, committed 70656K, used 33924K [0x000000008ac00000, 0x0000000100000000)
  region size 1024K, 5 young (5120K), 5 survivors (5120K)
 Metaspace       used 69610K, committed 70208K, reserved 1114112K
  class space    used 8053K, committed 8320K, reserved 1048576K
}
Event: 8.402 GC heap before
{Heap before GC invocations=14 (full 0):
 garbage-first heap   total reserved 1921024K, committed 70656K, used 60548K [0x000000008ac00000, 0x0000000100000000)
  region size 1024K, 31 young (31744K), 5 survivors (5120K)
 Metaspace       used 73222K, committed 73856K, reserved 1179648K
  class space    used 8530K, committed 8768K, reserved 1048576K
}
Event: 8.408 GC heap after
{Heap after GC invocations=15 (full 0):
 garbage-first heap   total reserved 1921024K, committed 70656K, used 37096K [0x000000008ac00000, 0x0000000100000000)
  region size 1024K, 3 young (3072K), 3 survivors (3072K)
 Metaspace       used 73222K, committed 73856K, reserved 1179648K
  class space    used 8530K, committed 8768K, reserved 1048576K
}
Event: 11.959 GC heap before
{Heap before GC invocations=15 (full 0):
 garbage-first heap   total reserved 1921024K, committed 70656K, used 62696K [0x000000008ac00000, 0x0000000100000000)
  region size 1024K, 28 young (28672K), 3 survivors (3072K)
 Metaspace       used 76337K, committed 76992K, reserved 1179648K
  class space    used 8909K, committed 9216K, reserved 1048576K
}
Event: 11.969 GC heap after
{Heap after GC invocations=16 (full 0):
 garbage-first heap   total reserved 1921024K, committed 70656K, used 39533K [0x000000008ac00000, 0x0000000100000000)
  region size 1024K, 3 young (3072K), 3 survivors (3072K)
 Metaspace       used 76337K, committed 76992K, reserved 1179648K
  class space    used 8909K, committed 9216K, reserved 1048576K
}

