# JRE version: Java(TM) SE Runtime Environment (24.0.1+9) (build 24.0.1+9-30)
# Java VM: Java HotSpot(TM) 64-Bit Server VM (24.0.1+9-30, mixed mode, emulated-client, sharing, tiered, compressed oops, compressed class ptrs, g1 gc, windows-amd64)
GC Precious Log:
 CardTable entry size: 512
 Card Set container configuration: InlinePtr #cards 5 size 8 Array Of Cards #cards 10 size 36 Howl #buckets 4 coarsen threshold 1843 Howl Bitmap #cards 512 size 80 coarsen threshold 460 Card regions per heap region 1 cards per card region 2048
 CPUs: 12 total, 12 available
 Memory: 7501M
 Large Page Support: Disabled
 NUMA Support: Disabled
 Compressed Oops: Enabled (32-bit)
 Heap Region Size: 1M
 Heap Min Capacity: 8M
 Heap Initial Capacity: 118M
 Heap Max Capacity: 1876M
 Pre-touch: Disabled
 Parallel Workers: 10
 Concurrent Workers: 3
 Concurrent Refinement Workers: 10
 Periodic GC: Disabled
Heap:
 garbage-first heap   total reserved 1921024K, committed 102400K, used 81199K [0x000000008ac00000, 0x0000000100000000)
  region size 1024K, 24 young (24576K), 3 survivors (3072K)
 Metaspace       used 93401K, committed 94336K, reserved 1179648K
  class space    used 11103K, committed 11392K, reserved 1048576K
GC Heap History (20 events):
Event: 4.751 GC heap before
{Heap before GC invocations=9 (full 0):
 garbage-first heap   total reserved 1921024K, committed 95232K, used 77065K [0x000000008ac00000, 0x0000000100000000)
  region size 1024K, 47 young (48128K), 4 survivors (4096K)
 Metaspace       used 41827K, committed 42304K, reserved 1114112K
  class space    used 4734K, committed 4928K, reserved 1048576K
}
Event: 4.758 GC heap after
{Heap after GC invocations=10 (full 0):
 garbage-first heap   total reserved 1921024K, committed 95232K, used 36226K [0x000000008ac00000, 0x0000000100000000)
  region size 1024K, 5 young (5120K), 5 survivors (5120K)
 Metaspace       used 41827K, committed 42304K, reserved 1114112K
  class space    used 4734K, committed 4928K, reserved 1048576K
}
Event: 5.858 GC heap before
{Heap before GC invocations=10 (full 0):
 garbage-first heap   total reserved 1921024K, committed 95232K, used 79234K [0x000000008ac00000, 0x0000000100000000)
  region size 1024K, 47 young (48128K), 5 survivors (5120K)
 Metaspace       used 55510K, committed 56000K, reserved 1114112K
  class space    used 6118K, committed 6336K, reserved 1048576K
}
Event: 5.864 GC heap after
{Heap after GC invocations=11 (full 0):
 garbage-first heap   total reserved 1921024K, committed 95232K, used 39263K [0x000000008ac00000, 0x0000000100000000)
  region size 1024K, 3 young (3072K), 3 survivors (3072K)
 Metaspace       used 55510K, committed 56000K, reserved 1114112K
  class space    used 6118K, committed 6336K, reserved 1048576K
}
Event: 6.269 GC heap before
{Heap before GC invocations=11 (full 0):
 garbage-first heap   total reserved 1921024K, committed 95232K, used 55647K [0x000000008ac00000, 0x0000000100000000)
  region size 1024K, 21 young (21504K), 3 survivors (3072K)
 Metaspace       used 60280K, committed 60800K, reserved 1114112K
  class space    used 6589K, committed 6784K, reserved 1048576K
}
Event: 6.274 GC heap after
{Heap after GC invocations=12 (full 0):
 garbage-first heap   total reserved 1921024K, committed 95232K, used 40443K [0x000000008ac00000, 0x0000000100000000)
  region size 1024K, 5 young (5120K), 5 survivors (5120K)
 Metaspace       used 60280K, committed 60800K, reserved 1114112K
  class space    used 6589K, committed 6784K, reserved 1048576K
}
Event: 8.119 GC heap before
{Heap before GC invocations=13 (full 0):
 garbage-first heap   total reserved 1921024K, committed 95232K, used 81403K [0x000000008ac00000, 0x0000000100000000)
  region size 1024K, 45 young (46080K), 5 survivors (5120K)
 Metaspace       used 68982K, committed 69568K, reserved 1114112K
  class space    used 7736K, committed 7936K, reserved 1048576K
}
Event: 8.125 GC heap after
{Heap after GC invocations=14 (full 0):
 garbage-first heap   total reserved 1921024K, committed 95232K, used 43316K [0x000000008ac00000, 0x0000000100000000)
  region size 1024K, 5 young (5120K), 5 survivors (5120K)
 Metaspace       used 68982K, committed 69568K, reserved 1114112K
  class space    used 7736K, committed 7936K, reserved 1048576K
}
Event: 8.996 GC heap before
{Heap before GC invocations=14 (full 0):
 garbage-first heap   total reserved 1921024K, committed 95232K, used 82228K [0x000000008ac00000, 0x0000000100000000)
  region size 1024K, 43 young (44032K), 5 survivors (5120K)
 Metaspace       used 75933K, committed 76608K, reserved 1179648K
  class space    used 8705K, committed 8960K, reserved 1048576K
}
Event: 9.004 GC heap after
{Heap after GC invocations=15 (full 0):
 garbage-first heap   total reserved 1921024K, committed 95232K, used 45788K [0x000000008ac00000, 0x0000000100000000)
  region size 1024K, 6 young (6144K), 6 survivors (6144K)
 Metaspace       used 75933K, committed 76608K, reserved 1179648K
  class space    used 8705K, committed 8960K, reserved 1048576K
}
Event: 9.636 GC heap before
{Heap before GC invocations=15 (full 0):
 garbage-first heap   total reserved 1921024K, committed 95232K, used 81628K [0x000000008ac00000, 0x0000000100000000)
  region size 1024K, 42 young (43008K), 6 survivors (6144K)
 Metaspace       used 80629K, committed 81280K, reserved 1179648K
  class space    used 9417K, committed 9728K, reserved 1048576K
}
Event: 9.645 GC heap after
{Heap after GC invocations=16 (full 0):
 garbage-first heap   total reserved 1921024K, committed 95232K, used 49521K [0x000000008ac00000, 0x0000000100000000)
  region size 1024K, 4 young (4096K), 4 survivors (4096K)
 Metaspace       used 80629K, committed 81280K, reserved 1179648K
  class space    used 9417K, committed 9728K, reserved 1048576K
}
Event: 10.322 GC heap before
{Heap before GC invocations=16 (full 0):
 garbage-first heap   total reserved 1921024K, committed 95232K, used 84337K [0x000000008ac00000, 0x0000000100000000)
  region size 1024K, 38 young (38912K), 4 survivors (4096K)
 Metaspace       used 83899K, committed 84608K, reserved 1179648K
  class space    used 9888K, committed 10176K, reserved 1048576K
}
Event: 10.328 GC heap after
{Heap after GC invocations=17 (full 0):
 garbage-first heap   total reserved 1921024K, committed 95232K, used 53252K [0x000000008ac00000, 0x0000000100000000)
  region size 1024K, 4 young (4096K), 4 survivors (4096K)
 Metaspace       used 83899K, committed 84608K, reserved 1179648K
  class space    used 9888K, committed 10176K, reserved 1048576K
}
Event: 13.439 GC heap before
{Heap before GC invocations=18 (full 0):
 garbage-first heap   total reserved 1921024K, committed 95232K, used 82948K [0x000000008ac00000, 0x0000000100000000)
  region size 1024K, 34 young (34816K), 4 survivors (4096K)
 Metaspace       used 86504K, committed 87232K, reserved 1179648K
  class space    used 10232K, committed 10496K, reserved 1048576K
}
Event: 13.450 GC heap after
{Heap after GC invocations=19 (full 0):
 garbage-first heap   total reserved 1921024K, committed 95232K, used 56982K [0x000000008ac00000, 0x0000000100000000)
  region size 1024K, 4 young (4096K), 4 survivors (4096K)
 Metaspace       used 86504K, committed 87232K, reserved 1179648K
  class space    used 10232K, committed 10496K, reserved 1048576K
}
Event: 167.374 GC heap before
{Heap before GC invocations=19 (full 0):
 garbage-first heap   total reserved 1921024K, committed 95232K, used 83606K [0x000000008ac00000, 0x0000000100000000)
  region size 1024K, 31 young (31744K), 4 survivors (4096K)
 Metaspace       used 89001K, committed 89792K, reserved 1179648K
  class space    used 10600K, committed 10944K, reserved 1048576K
}
Event: 167.395 GC heap after
{Heap after GC invocations=20 (full 0):
 garbage-first heap   total reserved 1921024K, committed 95232K, used 58165K [0x000000008ac00000, 0x0000000100000000)
  region size 1024K, 3 young (3072K), 3 survivors (3072K)
 Metaspace       used 89001K, committed 89792K, reserved 1179648K
  class space    used 10600K, committed 10944K, reserved 1048576K
}
Event: 604.015 GC heap before
{Heap before GC invocations=20 (full 0):
 garbage-first heap   total reserved 1921024K, committed 95232K, used 83765K [0x000000008ac00000, 0x0000000100000000)
  region size 1024K, 29 young (29696K), 3 survivors (3072K)
 Metaspace       used 92730K, committed 93504K, reserved 1179648K
  class space    used 11034K, committed 11328K, reserved 1048576K
}
Event: 604.024 GC heap after
{Heap after GC invocations=21 (full 0):
 garbage-first heap   total reserved 1921024K, committed 95232K, used 60719K [0x000000008ac00000, 0x0000000100000000)
  region size 1024K, 3 young (3072K), 3 survivors (3072K)
 Metaspace       used 92730K, committed 93504K, reserved 1179648K
  class space    used 11034K, committed 11328K, reserved 1048576K
}

